<?xml version="1.0" encoding="UTF-8"?>
<!-- Generated by org.testng.reporters.JUnitReportReporter -->
<testsuite skipped="0" hostname="os-2k12-vm385" name="com.os.qa.runner.TestRunner" tests="1" failures="0" timestamp="10 Sep 2019 06:33:55 GMT" time="36.614" errors="0">
  <testcase name="feature" time="36.614" classname="com.os.qa.runner.TestRunner"/>
</testsuite> <!-- com.os.qa.runner.TestRunner -->
